<?xml version="1.0" encoding="UTF-8"?>
<testsuites>
  <testsuite name="Omersia\Admin\Tests\Unit\AdminServiceProviderContractTest" file="/var/www/html/packages/Admin/tests/Unit/AdminServiceProviderContractTest.php" tests="1" assertions="2" errors="0" failures="0" skipped="0" time="0.092307">
    <testcase name="it_exposes_a_valid_laravel_service_provider_class" file="/var/www/html/packages/Admin/tests/Unit/AdminServiceProviderContractTest.php" line="15" class="Omersia\Admin\Tests\Unit\AdminServiceProviderContractTest" classname="Omersia.Admin.Tests.Unit.AdminServiceProviderContractTest" assertions="2" time="0.092307"/>
  </testsuite>
</testsuites>
